<?xml version="1.0" encoding="UTF-8"?>
<!-- Generated by org.testng.reporters.JUnitReportReporter -->
<testsuite skipped="0" hostname="DESKTOP-LU9MCAK" name="volnayPac.VolLoginVer" tests="1" failures="0" timestamp="12 Dec 2018 00:10:11 GMT" time="4.074" errors="0">
  <testcase name="f" time="4.074" classname="volnayPac.VolLoginVer"/>
</testsuite> <!-- volnayPac.VolLoginVer -->
